[08:15:58] [main/INFO]: Reloading ResourceManager: Default, bukkit
[08:16:00] [Worker-Main-5/INFO]: Loaded 7 recipes
[08:16:05] [Server thread/INFO]: Starting minecraft server version 1.16.5
[08:16:05] [Server thread/INFO]: Loading properties
[08:16:06] [Server thread/INFO]: This server is running CraftBukkit version 3028-Spigot-79d53c2-7eb3564 (MC: 1.16.5) (Implementing API version 1.16.5-R0.1-SNAPSHOT)
[08:16:07] [Server thread/INFO]: Debug logging is disabled
[08:16:07] [Server thread/INFO]: Server Ping Player Sample Count: 12
[08:16:07] [Server thread/INFO]: Using 4 threads for Netty based IO
[08:16:07] [Server thread/INFO]: Default game type: SURVIVAL
[08:16:07] [Server thread/INFO]: Generating keypair
[08:16:07] [Server thread/INFO]: Starting Minecraft server on *:25565
[08:16:07] [Server thread/INFO]: Using default channel type
[08:16:15] [Server thread/INFO]: [ClearLag] Loading ClearLag v3.2.2
[08:16:15] [Server thread/INFO]: [Citizens] Loading Citizens v2.0.27-SNAPSHOT (build 2279)
[08:16:15] [Server thread/INFO]: [Denizen] Loading Denizen v1.1.9-SNAPSHOT (build 1732-REL)
[08:16:15] [Server thread/INFO]: Preparing level "serverGames"
[08:16:15] [Server thread/INFO]: -------- World Settings For [serverGames] --------
[08:16:15] [Server thread/INFO]: Entity Tracking Range: Pl 48 / An 48 / Mo 48 / Mi 32 / Other 64
[08:16:15] [Server thread/INFO]: Allow Zombie Pigmen to spawn from portal blocks: true
[08:16:15] [Server thread/INFO]: Item Merge Radius: 2.5
[08:16:15] [Server thread/INFO]: Item Despawn Rate: 6000
[08:16:15] [Server thread/INFO]: View Distance: 10
[08:16:15] [Server thread/INFO]: Nerfing mobs spawned from spawners: false
[08:16:15] [Server thread/INFO]: Experience Merge Radius: 3.0
[08:16:15] [Server thread/INFO]: Mob Spawn Range: 6
[08:16:15] [Server thread/INFO]: Entity Activation Range: An 32 / Mo 32 / Ra 48 / Mi 16 / Tiv true
[08:16:15] [Server thread/INFO]: Hopper Transfer: 8 Hopper Check: 1 Hopper Amount: 1
[08:16:15] [Server thread/INFO]: Cactus Growth Modifier: 100%
[08:16:15] [Server thread/INFO]: Cane Growth Modifier: 100%
[08:16:15] [Server thread/INFO]: Melon Growth Modifier: 100%
[08:16:15] [Server thread/INFO]: Mushroom Growth Modifier: 100%
[08:16:15] [Server thread/INFO]: Pumpkin Growth Modifier: 100%
[08:16:15] [Server thread/INFO]: Sapling Growth Modifier: 100%
[08:16:15] [Server thread/INFO]: Beetroot Growth Modifier: 100%
[08:16:15] [Server thread/INFO]: Carrot Growth Modifier: 100%
[08:16:15] [Server thread/INFO]: Potato Growth Modifier: 100%
[08:16:15] [Server thread/INFO]: Wheat Growth Modifier: 100%
[08:16:15] [Server thread/INFO]: NetherWart Growth Modifier: 100%
[08:16:15] [Server thread/INFO]: Vine Growth Modifier: 100%
[08:16:15] [Server thread/INFO]: Cocoa Growth Modifier: 100%
[08:16:15] [Server thread/INFO]: Bamboo Growth Modifier: 100%
[08:16:15] [Server thread/INFO]: SweetBerry Growth Modifier: 100%
[08:16:15] [Server thread/INFO]: Kelp Growth Modifier: 100%
[08:16:15] [Server thread/INFO]: Tile Max Tick Time: 50ms Entity max Tick Time: 50ms
[08:16:15] [Server thread/INFO]: Max TNT Explosions: 100
[08:16:15] [Server thread/INFO]: Zombie Aggressive Towards Villager: true
[08:16:15] [Server thread/INFO]: Arrow Despawn Rate: 1200 Trident Respawn Rate:1200
[08:16:15] [Server thread/INFO]: Custom Map Seeds:  Village: 10387312 Desert: 14357617 Igloo: 14357618 Jungle: 14357619 Swamp: 14357620 Monument: 10387313 Ocean: 14357621 Shipwreck: 165745295 End City: 10387313 Slime: 987234911 Bastion: 30084232 Fortress: 30084232 Mansion: 10387319 Fossil: 14357921 Portal: 34222645
[08:16:16] [Server thread/INFO]: -------- World Settings For [serverGames_nether] --------
[08:16:16] [Server thread/INFO]: Entity Tracking Range: Pl 48 / An 48 / Mo 48 / Mi 32 / Other 64
[08:16:16] [Server thread/INFO]: Allow Zombie Pigmen to spawn from portal blocks: true
[08:16:16] [Server thread/INFO]: Item Merge Radius: 2.5
[08:16:16] [Server thread/INFO]: Item Despawn Rate: 6000
[08:16:16] [Server thread/INFO]: View Distance: 10
[08:16:16] [Server thread/INFO]: Nerfing mobs spawned from spawners: false
[08:16:16] [Server thread/INFO]: Experience Merge Radius: 3.0
[08:16:16] [Server thread/INFO]: Mob Spawn Range: 6
[08:16:16] [Server thread/INFO]: Entity Activation Range: An 32 / Mo 32 / Ra 48 / Mi 16 / Tiv true
[08:16:16] [Server thread/INFO]: Hopper Transfer: 8 Hopper Check: 1 Hopper Amount: 1
[08:16:16] [Server thread/INFO]: Cactus Growth Modifier: 100%
[08:16:16] [Server thread/INFO]: Cane Growth Modifier: 100%
[08:16:16] [Server thread/INFO]: Melon Growth Modifier: 100%
[08:16:16] [Server thread/INFO]: Mushroom Growth Modifier: 100%
[08:16:16] [Server thread/INFO]: Pumpkin Growth Modifier: 100%
[08:16:16] [Server thread/INFO]: Sapling Growth Modifier: 100%
[08:16:16] [Server thread/INFO]: Beetroot Growth Modifier: 100%
[08:16:16] [Server thread/INFO]: Carrot Growth Modifier: 100%
[08:16:16] [Server thread/INFO]: Potato Growth Modifier: 100%
[08:16:16] [Server thread/INFO]: Wheat Growth Modifier: 100%
[08:16:16] [Server thread/INFO]: NetherWart Growth Modifier: 100%
[08:16:16] [Server thread/INFO]: Vine Growth Modifier: 100%
[08:16:16] [Server thread/INFO]: Cocoa Growth Modifier: 100%
[08:16:16] [Server thread/INFO]: Bamboo Growth Modifier: 100%
[08:16:16] [Server thread/INFO]: SweetBerry Growth Modifier: 100%
[08:16:16] [Server thread/INFO]: Kelp Growth Modifier: 100%
[08:16:16] [Server thread/INFO]: Tile Max Tick Time: 50ms Entity max Tick Time: 50ms
[08:16:16] [Server thread/INFO]: Max TNT Explosions: 100
[08:16:16] [Server thread/INFO]: Zombie Aggressive Towards Villager: true
[08:16:16] [Server thread/INFO]: Arrow Despawn Rate: 1200 Trident Respawn Rate:1200
[08:16:16] [Server thread/INFO]: Custom Map Seeds:  Village: 10387312 Desert: 14357617 Igloo: 14357618 Jungle: 14357619 Swamp: 14357620 Monument: 10387313 Ocean: 14357621 Shipwreck: 165745295 End City: 10387313 Slime: 987234911 Bastion: 30084232 Fortress: 30084232 Mansion: 10387319 Fossil: 14357921 Portal: 34222645
[08:16:16] [Server thread/INFO]: -------- World Settings For [serverGames_the_end] --------
[08:16:16] [Server thread/INFO]: Entity Tracking Range: Pl 48 / An 48 / Mo 48 / Mi 32 / Other 64
[08:16:16] [Server thread/INFO]: Allow Zombie Pigmen to spawn from portal blocks: true
[08:16:16] [Server thread/INFO]: Item Merge Radius: 2.5
[08:16:16] [Server thread/INFO]: Item Despawn Rate: 6000
[08:16:16] [Server thread/INFO]: View Distance: 10
[08:16:16] [Server thread/INFO]: Nerfing mobs spawned from spawners: false
[08:16:16] [Server thread/INFO]: Experience Merge Radius: 3.0
[08:16:16] [Server thread/INFO]: Mob Spawn Range: 6
[08:16:16] [Server thread/INFO]: Entity Activation Range: An 32 / Mo 32 / Ra 48 / Mi 16 / Tiv true
[08:16:16] [Server thread/INFO]: Hopper Transfer: 8 Hopper Check: 1 Hopper Amount: 1
[08:16:16] [Server thread/INFO]: Cactus Growth Modifier: 100%
[08:16:16] [Server thread/INFO]: Cane Growth Modifier: 100%
[08:16:16] [Server thread/INFO]: Melon Growth Modifier: 100%
[08:16:16] [Server thread/INFO]: Mushroom Growth Modifier: 100%
[08:16:16] [Server thread/INFO]: Pumpkin Growth Modifier: 100%
[08:16:16] [Server thread/INFO]: Sapling Growth Modifier: 100%
[08:16:16] [Server thread/INFO]: Beetroot Growth Modifier: 100%
[08:16:16] [Server thread/INFO]: Carrot Growth Modifier: 100%
[08:16:16] [Server thread/INFO]: Potato Growth Modifier: 100%
[08:16:16] [Server thread/INFO]: Wheat Growth Modifier: 100%
[08:16:16] [Server thread/INFO]: NetherWart Growth Modifier: 100%
[08:16:16] [Server thread/INFO]: Vine Growth Modifier: 100%
[08:16:16] [Server thread/INFO]: Cocoa Growth Modifier: 100%
[08:16:16] [Server thread/INFO]: Bamboo Growth Modifier: 100%
[08:16:16] [Server thread/INFO]: SweetBerry Growth Modifier: 100%
[08:16:16] [Server thread/INFO]: Kelp Growth Modifier: 100%
[08:16:16] [Server thread/INFO]: Tile Max Tick Time: 50ms Entity max Tick Time: 50ms
[08:16:16] [Server thread/INFO]: Max TNT Explosions: 100
[08:16:16] [Server thread/INFO]: Zombie Aggressive Towards Villager: true
[08:16:16] [Server thread/INFO]: Arrow Despawn Rate: 1200 Trident Respawn Rate:1200
[08:16:16] [Server thread/INFO]: Custom Map Seeds:  Village: 10387312 Desert: 14357617 Igloo: 14357618 Jungle: 14357619 Swamp: 14357620 Monument: 10387313 Ocean: 14357621 Shipwreck: 165745295 End City: 10387313 Slime: 987234911 Bastion: 30084232 Fortress: 30084232 Mansion: 10387319 Fossil: 14357921 Portal: 34222645
[08:16:16] [Server thread/INFO]: Preparing start region for dimension minecraft:overworld
[08:16:17] [Server thread/INFO]: Preparing spawn area: 0%
[08:16:17] [Server thread/INFO]: Preparing spawn area: 0%
[08:16:17] [Server thread/INFO]: Preparing spawn area: 0%
[08:16:17] [Server thread/INFO]: Preparing spawn area: 0%
[08:16:18] [Server thread/INFO]: Preparing spawn area: 100%
[08:16:18] [Server thread/INFO]: Time elapsed: 2358 ms
[08:16:18] [Server thread/INFO]: Preparing start region for dimension minecraft:the_nether
[08:16:20] [Server thread/INFO]: Preparing spawn area: 0%
[08:16:20] [Server thread/INFO]: Preparing spawn area: 0%
[08:16:20] [Server thread/INFO]: Preparing spawn area: 0%
[08:16:20] [Server thread/INFO]: Preparing spawn area: 0%
[08:16:20] [Server thread/INFO]: Preparing spawn area: 0%
[08:16:21] [Server thread/INFO]: Preparing spawn area: 21%
[08:16:22] [Worker-Main-7/INFO]: Preparing spawn area: 83%
[08:16:22] [Worker-Main-7/INFO]: Preparing spawn area: 83%
[08:16:22] [Worker-Main-9/INFO]: Preparing spawn area: 83%
[08:16:23] [Worker-Main-9/INFO]: Preparing spawn area: 83%
[08:16:23] [Worker-Main-8/INFO]: Preparing spawn area: 83%
[08:16:24] [Worker-Main-9/INFO]: Preparing spawn area: 83%
[08:16:24] [Worker-Main-8/INFO]: Preparing spawn area: 83%
[08:16:25] [Worker-Main-9/INFO]: Preparing spawn area: 83%
[08:16:25] [Worker-Main-7/INFO]: Preparing spawn area: 83%
[08:16:26] [Worker-Main-8/INFO]: Preparing spawn area: 83%
[08:16:26] [Worker-Main-9/INFO]: Preparing spawn area: 84%
[08:16:27] [Worker-Main-7/INFO]: Preparing spawn area: 84%
[08:16:27] [Worker-Main-8/INFO]: Preparing spawn area: 86%
[08:16:28] [Worker-Main-7/INFO]: Preparing spawn area: 87%
[08:16:28] [Worker-Main-9/INFO]: Preparing spawn area: 88%
[08:16:29] [Worker-Main-7/INFO]: Preparing spawn area: 90%
[08:16:29] [Worker-Main-8/INFO]: Preparing spawn area: 90%
[08:16:30] [Worker-Main-9/INFO]: Preparing spawn area: 92%
[08:16:30] [Server thread/INFO]: Preparing spawn area: 99%
[08:16:30] [Server thread/INFO]: Time elapsed: 12183 ms
[08:16:30] [Server thread/INFO]: Preparing start region for dimension minecraft:the_end
[08:16:31] [Server thread/INFO]: Preparing spawn area: 0%
[08:16:31] [Server thread/INFO]: Preparing spawn area: 0%
[08:16:31] [Worker-Main-8/INFO]: Preparing spawn area: 83%
[08:16:32] [Worker-Main-7/INFO]: Preparing spawn area: 83%
[08:16:32] [Worker-Main-7/INFO]: Preparing spawn area: 88%
[08:16:33] [Server thread/INFO]: Time elapsed: 2163 ms
[08:16:33] [Server thread/INFO]: [ClearLag] Enabling ClearLag v3.2.2
[08:16:33] [Server thread/INFO]: [ClearLag] Using version-adapter: LatestVersionAdapter
[08:16:33] [Server thread/INFO]: [ClearLag] Loading modules...
[08:16:33] [Server thread/INFO]: [ClearLag] Modules enabed, loading config values
[08:16:33] [Server thread/INFO]: [ClearLag] Modules have been loaded!
[08:16:33] [Server thread/INFO]: [ClearLag] Clearlag is now enabled!
[08:16:33] [Server thread/INFO]: [Citizens] Enabling Citizens v2.0.27-SNAPSHOT (build 2279)
[08:16:33] [Thread-12/INFO]: [ClearLag] Checking for updates compatible with your bukkit version [1.16]...
[08:16:35] [Server thread/INFO]: [Citizens] Vault not found -> no economy handling.
[08:16:35] [Server thread/INFO]: [Denizen] Enabling Denizen v1.1.9-SNAPSHOT (build 1732-REL)
[08:16:35] [Server thread/INFO]: [Denizen] Running on java version: 1.8.0_282
[08:16:35] [Server thread/INFO]: [Denizen] Running on fully supported Java 8.
[08:16:36] [Server thread/WARN]: [Denizen] -------------------------------------
[08:16:36] [Server thread/WARN]: [Denizen] This build of Denizen was built for a different Spigot revision! This may potentially cause issues. If you are experiencing trouble, update Denizen and Spigot both to latest builds! If this message appears with both Denizen and Spigot fully up-to-date, contact the Denizen team (via GitHub, Spigot, or Discord) to request an update be built.
[08:16:36] [Server thread/WARN]: [Denizen] -------------------------------------
[08:16:36] [Server thread/INFO]: [0;33;1m+> [Denizen] [0;37;1m[0;35;1m+-------------------------+ [m
[08:16:36] [Server thread/INFO]: [0;33;1m+> [Denizen] [0;37;1m[0;33;1m _/_ _  ._  _ _ [m
[08:16:36] [Server thread/INFO]: [0;33;1m+> [Denizen] [0;37;1m[0;33;1m(/(-/ )/ /_(-/ ) [0;37;22m scriptable minecraft [m
[08:16:36] [Server thread/INFO]: [0;33;1m+> [Denizen] [0;37;1m [m
[08:16:36] [Server thread/INFO]: [0;33;1m+> [Denizen] [0;37;1m[0;37;22mby: [0;37;1mThe DenizenScript team [m
[08:16:36] [Server thread/INFO]: [0;33;1m+> [Denizen] [0;37;1m[0;37;22mChat with us at: [0;37;1m https://discord.gg/Q6pZGSR [m
[08:16:36] [Server thread/INFO]: [0;33;1m+> [Denizen] [0;37;1m[0;37;22mOr learn more at: [0;37;1m https://denizenscript.com [m
[08:16:36] [Server thread/INFO]: [0;33;1m+> [Denizen] [0;37;1m[0;37;22mversion: [0;37;1m1.1.9-SNAPSHOT (build 1732-REL) [m
[08:16:36] [Server thread/INFO]: [0;33;1m+> [Denizen] [0;37;1m[0;35;1m+-------------------------+ [m
[08:16:36] [Thread-12/INFO]: [ClearLag] No updates found!
[08:16:36] [Server thread/INFO]: [0;35;1m [0;31;1mERROR!
[08:16:36] [Server thread/INFO]: [0;37;22m     Error Message: [0;37;1mNull player CraftOfflinePlayer[UUID=0d4adb5a-695f-4831-8e17-a8d5edf1fc24] [m
[08:16:37] [Server thread/INFO]: [0;35;1m [0;32;1mOKAY! [0;37;1mLoaded core commands: [clickable, showfake, invisible, animate, ban, modifyblock, cast, midi, else, sidebar, explode, cooldown, weather, 
[08:16:37] [Server thread/INFO]:                    action, scoreboard, if, give, worldborder, chunkload, zap, lookclose, mount, execute, push, announce, waituntil, firework, stop, advancement, light, 
[08:16:37] [Server thread/INFO]:                    reset, hurt, ratelimit, nbt, wait, flag, log, despawn, webget, sleep, goto, attack, attach, event, stand, map, resume, break, strike, health, 
[08:16:37] [Server thread/INFO]:                    trigger, team, fly, itemcooldown, disengage, kick, gamerule, playsound, rename, chat, anchor, fish, leash, disguise, queue, rotate, sign, run, 
[08:16:37] [Server thread/INFO]:                    while, experience, playeffect, narrate, bossbar, vulnerable, pushable, create, trait, shoot, sneak, oxygen, yaml, group, statistic, fakeitem, pose, 
[08:16:37] [Server thread/INFO]:                    opentrades, blockcrack, schematic, look, pause, feed, take, toast, compass, adjust, animatechest, glow, drop, note, teleport, choose, inventory, 
[08:16:37] [Server thread/INFO]:                    actionbar, title, remove, sql, switch, head, foreach, random, reload, adjustblock, repeat, define, heal, copyblock, filecopy, sit, burn, debug, 
[08:16:37] [Server thread/INFO]:                    determine, assignment, permission, follow, displayitem, scribe, createworld, spawn, equip, money, fakespawn, engage, time, inject, mark, age, walk] [m
[08:16:37] [Server thread/INFO]: [0;35;1m [0;32;1mOKAY! [0;37;1mLoaded core triggers: [CHAT, CLICK, PROXIMITY, DAMAGE] [m
[08:16:38] [Server thread/INFO]: [0;35;1m [0;32;1mOKAY! [0;37;1mLoaded core object types: [BiomeTag as b, DurationTag as d, ChunkTag as ch, EntityTag as e, InventoryTag as in, CustomObjectTag as custom, 
[08:16:38] [Server thread/INFO]:                    ElementTag as el, ItemTag as i, ColorTag as co, LocationTag as l, MaterialTag as m, NPCTag as n, EllipsoidTag as ellipsoid, PlayerTag as p, QueueTag 
[08:16:38] [Server thread/INFO]:                    as q, CuboidTag as cu, ScriptTag as s, TradeTag as trade, PolygonTag as polygon, WorldTag as w, TimeTag as time, PluginTag as pl, ListTag as li, 
[08:16:38] [Server thread/INFO]:                    MapTag as map] [m
[08:16:38] [Server thread/INFO]: [0;33;1m+> [ScriptHelper] [0;37;1mNo scripts in /plugins/Denizen/scripts/ to load! [m
[08:16:41] [Server thread/INFO]: Server permissions file permissions.yml is empty, ignoring it
[08:16:41] [Server thread/INFO]: Done (25.829s)! For help, type "help"
[08:16:53] [Server thread/INFO]: [Citizens] Loaded 8 NPCs.
[08:16:53] [Server thread/INFO]: [0;33;1m+> [ScriptEvent] [0;37;1mProcessed 0 script event paths. [m
[08:16:53] [Server thread/INFO]: [0;33;1m+> [Denizen] [0;37;1m[0;35;1m+-------------------------+ [m
[08:16:53] [Server thread/INFO]: [0;33;1m+> [Denizen] [0;37;1mDenizen fully loaded at: 2021/03/26 08:16:53 [m
[08:16:53] [Server thread/WARN]: Can't keep up! Is the server overloaded? Running 12095ms or 241 ticks behind
[08:19:06] [User Authenticator #1/INFO]: UUID of player ConsumingSludge is d3fce61f-8cb2-41eb-9312-5b8e92db83e1
[08:19:07] [Server thread/INFO]: ConsumingSludge[/127.0.0.1:57900] logged in with entity id 66 at ([serverGames]0.8222900258870041, 51.0, 10000.066017179919)
[08:20:33] [Server thread/INFO]: ConsumingSludge issued server command: /scoreboard objectives add ResetWorldLocation
[08:20:38] [Server thread/INFO]: ConsumingSludge issued server command: /scoreboard objectives add ResetWorldLocation dummy
[08:20:46] [Server thread/INFO]: ConsumingSludge issued server command: /scoreboard objectives add ResetLocation dummy
[08:37:13] [Server thread/INFO]: ConsumingSludge issued server command: /summon minecraft:arrow ~ ~ ~ {NoAI:1b,Motion:[1f,0,0]}
[08:37:17] [Server thread/INFO]: ConsumingSludge issued server command: /summon minecraft:arrow ~ ~ ~ {NoAI:1b,Motion:[1,0,0]}
[08:37:24] [Server thread/INFO]: ConsumingSludge issued server command: /summon minecraft:arrow ~ ~ ~ {NoAI:1b,Motion:[1,0,0]}
[08:37:47] [Server thread/INFO]: ConsumingSludge issued server command: /summon minecraft:arrow ~ ~ ~ {NoAI:1b,Motion:[1,0,0],NoGravity:1b}
[08:38:09] [Server thread/INFO]: ConsumingSludge issued server command: /summon minecraft:arrow ~ ~ ~ {NoAI:1b,Motion:[3,0,0],NoGravity:1b}
[08:38:41] [Server thread/INFO]: ConsumingSludge issued server command: /summon minecraft:arrow ~ ~ ~ {NoAI:1b,Motion:[3.0,0.0,0.0],NoGravity:1b}
[08:38:45] [Server thread/INFO]: ConsumingSludge issued server command: /summon minecraft:arrow ~ ~ ~ {NoAI:1b,Motion:[3.0,0.0,0.0],NoGravity:1b}
[08:40:12] [Server thread/INFO]: ConsumingSludge issued server command: /kill @e[type=minecraft:arrow]
[08:40:16] [Server thread/INFO]: ConsumingSludge issued server command: /summon minecraft:arrow ~ ~ ~ {NoAI:1b,Motion:[3.0,0.0,0.0],NoGravity:1b}
[08:40:23] [Server thread/INFO]: ConsumingSludge issued server command: /summon minecraft:arrow ~ ~ ~ {NoAI:1b,Motion:[3.0,0.0,0.0],NoGravity:1b}
[08:40:24] [Server thread/INFO]: ConsumingSludge issued server command: /summon minecraft:arrow ~ ~ ~ {NoAI:1b,Motion:[3.0,0.0,0.0],NoGravity:1b}
[08:40:25] [Server thread/INFO]: ConsumingSludge issued server command: /summon minecraft:arrow ~ ~ ~ {NoAI:1b,Motion:[3.0,0.0,0.0],NoGravity:1b}
[08:40:32] [Server thread/INFO]: ConsumingSludge issued server command: /kill @e[type=minecraft:arrow]
[08:50:36] [Server thread/INFO]: ConsumingSludge issued server command: /summon minecraft:arrow ~ ~ ~ {NoAI:1b,Motion:[3.0,0.0,0.0],NoGravity:1b}
[08:50:41] [Server thread/INFO]: ConsumingSludge issued server command: /summon minecraft:arrow ~ ~ ~ {NoAI:1b,Motion:[3.0,0.0,0.0],NoGravity:1b}
[08:50:46] [Server thread/INFO]: ConsumingSludge issued server command: /summon minecraft:arrow ~ ~ ~ {NoAI:1b,Motion:[3.0,0.0,0.0],NoGravity:1b}
[08:50:48] [Server thread/INFO]: ConsumingSludge issued server command: /summon minecraft:arrow ~ ~ ~ {NoAI:1b,Motion:[3.0,0.0,0.0],NoGravity:1b}
[08:50:54] [Server thread/INFO]: ConsumingSludge issued server command: /summon minecraft:arrow ~ ~ ~ {NoAI:1b,Motion:[3.0,0.0,0.0],NoGravity:1b}
[08:50:57] [Server thread/INFO]: ConsumingSludge issued server command: /summon minecraft:arrow ~ ~ ~ {NoAI:1b,Motion:[3.0,0.0,0.0],NoGravity:1b}
[08:51:04] [Server thread/INFO]: ConsumingSludge issued server command: /summon minecraft:arrow ~ ~ ~ {NoAI:1b,Motion:[3.0,0.0,0.0],NoGravity:1b}
[08:51:06] [Server thread/INFO]: ConsumingSludge issued server command: /summon minecraft:arrow ~ ~ ~ {NoAI:1b,Motion:[3.0,0.0,0.0],NoGravity:1b}
[08:51:12] [Server thread/INFO]: ConsumingSludge issued server command: /summon minecraft:arrow ~ ~ ~ {NoAI:1b,Motion:[3.0,0.0,0.0],NoGravity:1b}
[08:51:14] [Server thread/INFO]: ConsumingSludge issued server command: /summon minecraft:arrow ~ ~ ~ {NoAI:1b,Motion:[3.0,0.0,0.0],NoGravity:1b}
[08:51:27] [Server thread/INFO]: ConsumingSludge issued server command: /summon minecraft:arrow ~ ~ ~ {NoAI:1b,Motion:[3.0,0.0,0.0],NoGravity:1b}
[08:51:30] [Server thread/INFO]: ConsumingSludge issued server command: /kill @e[type=minecraft:arrow]
[08:52:16] [Server thread/INFO]: ConsumingSludge issued server command: /scoreboard objectives add Tag
[08:52:24] [Server thread/INFO]: ConsumingSludge issued server command: /scoreboard objectives add Tag dummy
[08:52:49] [Server thread/INFO]: ConsumingSludge issued server command: /scoreboard objectives remove Tag
[08:58:12] [Server thread/INFO]: ConsumingSludge issued server command: /summon minecraft:arrow ~ ~ ~ {NoAI:1b,Motion:[3.0,0.0,0.0],NoGravity:1b,tag:"1"}
[08:58:21] [Server thread/INFO]: ConsumingSludge issued server command: /summon minecraft:arrow ~ ~ ~ {NoAI:1b,Motion:[3.0,0.0,0.0],NoGravity:1b,tag:"1"}
[08:58:22] [Server thread/INFO]: ConsumingSludge issued server command: /summon minecraft:arrow ~ ~ ~ {NoAI:1b,Motion:[3.0,0.0,0.0],NoGravity:1b,tag:"1"}
[08:58:24] [Server thread/INFO]: ConsumingSludge issued server command: /summon minecraft:arrow ~ ~ ~ {NoAI:1b,Motion:[3.0,0.0,0.0],NoGravity:1b,tag:"1"}
[08:59:19] [Server thread/INFO]: ConsumingSludge issued server command: /kill @e[type=minecraft:arrow]
[09:00:36] [Server thread/INFO]: ConsumingSludge issued server command: /summon minecraft:arrow ~ ~ ~ {tag:1}
[09:00:40] [Server thread/INFO]: ConsumingSludge issued server command: /summon minecraft:arrow ~ ~ ~ {tag:1}
[09:00:48] [Server thread/INFO]: ConsumingSludge issued server command: /summon minecraft:arrow ~ ~ ~ {tag:"1"}
[09:00:54] [Server thread/INFO]: ConsumingSludge issued server command: /summon minecraft:arrow ~ ~ ~ {Tag:"1"}
[09:01:54] [Server thread/INFO]: ConsumingSludge issued server command: /summon minecraft:arrow ~ ~ ~ {Tags:["1"]}
[09:03:43] [Server thread/INFO]: ConsumingSludge issued server command: /summon minecraft:arrow ~ ~ ~ {Tags:["1"]}
[09:03:43] [Server thread/INFO]: [Arrow] hi
[09:03:43] [Server thread/INFO]: [Arrow] hi
[09:03:43] [Server thread/INFO]: [Arrow] hi
[09:03:43] [Server thread/INFO]: [Arrow] hi
[09:03:43] [Server thread/INFO]: [Arrow] hi
[09:03:44] [Server thread/INFO]: [Arrow] hi
[09:03:44] [Server thread/INFO]: [Arrow] hi
[09:03:44] [Server thread/INFO]: [Arrow] hi
[09:03:44] [Server thread/INFO]: [Arrow] hi
[09:03:44] [Server thread/INFO]: [Arrow] hi
[09:03:44] [Server thread/INFO]: [Arrow] hi
[09:03:44] [Server thread/INFO]: [Arrow] hi
[09:03:44] [Server thread/INFO]: [Arrow] hi
[09:03:44] [Server thread/INFO]: [Arrow] hi
[09:03:44] [Server thread/INFO]: [Arrow] hi
[09:03:44] [Server thread/INFO]: [Arrow] hi
[09:03:44] [Server thread/INFO]: [Arrow] hi
[09:03:44] [Server thread/INFO]: [Arrow] hi
[09:03:44] [Server thread/INFO]: [Arrow] hi
[09:03:44] [Server thread/INFO]: [Arrow] hi
[09:03:44] [Server thread/INFO]: [Arrow] hi
[09:03:44] [Server thread/INFO]: [Arrow] hi
[09:03:44] [Server thread/INFO]: [Arrow] hi
[09:03:44] [Server thread/INFO]: [Arrow] hi
[09:03:44] [Server thread/INFO]: [Arrow] hi
[09:03:45] [Server thread/INFO]: [Arrow] hi
[09:03:45] [Server thread/INFO]: [Arrow] hi
[09:03:45] [Server thread/INFO]: [Arrow] hi
[09:03:45] [Server thread/INFO]: [Arrow] hi
[09:03:45] [Server thread/INFO]: [Arrow] hi
[09:03:45] [Server thread/INFO]: [Arrow] hi
[09:03:45] [Server thread/INFO]: [Arrow] hi
[09:03:45] [Server thread/INFO]: [Arrow] hi
[09:03:45] [Server thread/INFO]: [Arrow] hi
[09:03:45] [Server thread/INFO]: [Arrow] hi
[09:03:45] [Server thread/INFO]: [Arrow] hi
[09:03:45] [Server thread/INFO]: [Arrow] hi
[09:03:45] [Server thread/INFO]: [Arrow] hi
[09:03:45] [Server thread/INFO]: [Arrow] hi
[09:03:45] [Server thread/INFO]: [Arrow] hi
[09:03:45] [Server thread/INFO]: [Arrow] hi
[09:03:45] [Server thread/INFO]: [Arrow] hi
[09:03:45] [Server thread/INFO]: [Arrow] hi
[09:03:45] [Server thread/INFO]: [Arrow] hi
[09:03:45] [Server thread/INFO]: [Arrow] hi
[09:03:46] [Server thread/INFO]: [Arrow] hi
[09:03:46] [Server thread/INFO]: [Arrow] hi
[09:03:46] [Server thread/INFO]: [Arrow] hi
[09:03:46] [Server thread/INFO]: [Arrow] hi
[09:03:46] [Server thread/INFO]: [Arrow] hi
[09:03:46] [Server thread/INFO]: [Arrow] hi
[09:03:46] [Server thread/INFO]: [Arrow] hi
[09:03:46] [Server thread/INFO]: [Arrow] hi
[09:03:46] [Server thread/INFO]: [Arrow] hi
[09:03:46] [Server thread/INFO]: [Arrow] hi
[09:03:46] [Server thread/INFO]: [Arrow] hi
[09:03:46] [Server thread/INFO]: [Arrow] hi
[09:03:46] [Server thread/INFO]: [Arrow] hi
[09:03:46] [Server thread/INFO]: [Arrow] hi
[09:03:46] [Server thread/INFO]: [Arrow] hi
[09:03:46] [Server thread/INFO]: [Arrow] hi
[09:03:46] [Server thread/INFO]: [Arrow] hi
[09:03:46] [Server thread/INFO]: [Arrow] hi
[09:03:46] [Server thread/INFO]: [Arrow] hi
[09:03:46] [Server thread/INFO]: [Arrow] hi
[09:03:47] [Server thread/INFO]: [Arrow] hi
[09:03:47] [Server thread/INFO]: [Arrow] hi
[09:03:47] [Server thread/INFO]: [Arrow] hi
[09:03:47] [Server thread/INFO]: [Arrow] hi
[09:03:47] [Server thread/INFO]: [Arrow] hi
[09:03:47] [Server thread/INFO]: [Arrow] hi
[09:03:47] [Server thread/INFO]: [Arrow] hi
[09:03:47] [Server thread/INFO]: [Arrow] hi
[09:03:47] [Server thread/INFO]: [Arrow] hi
[09:03:47] [Server thread/INFO]: [Arrow] hi
[09:03:47] [Server thread/INFO]: [Arrow] hi
[09:03:47] [Server thread/INFO]: [Arrow] hi
[09:03:47] [Server thread/INFO]: [Arrow] hi
[09:03:47] [Server thread/INFO]: [Arrow] hi
[09:03:47] [Server thread/INFO]: [Arrow] hi
[09:03:47] [Server thread/INFO]: [Arrow] hi
[09:03:47] [Server thread/INFO]: [Arrow] hi
[09:03:47] [Server thread/INFO]: [Arrow] hi
[09:03:47] [Server thread/INFO]: [Arrow] hi
[09:03:47] [Server thread/INFO]: [Arrow] hi
[09:03:48] [Server thread/INFO]: [Arrow] hi
[09:03:48] [Server thread/INFO]: [Arrow] hi
[09:03:48] [Server thread/INFO]: [Arrow] hi
[09:03:48] [Server thread/INFO]: [Arrow] hi
[09:03:48] [Server thread/INFO]: [Arrow] hi
[09:03:48] [Server thread/INFO]: [Arrow] hi
[09:03:48] [Server thread/INFO]: [Arrow] hi
[09:03:48] [Server thread/INFO]: [Arrow] hi
[09:03:48] [Server thread/INFO]: [Arrow] hi
[09:03:48] [Server thread/INFO]: [Arrow] hi
[09:03:48] [Server thread/INFO]: [Arrow] hi
[09:03:48] [Server thread/INFO]: [Arrow] hi
[09:03:48] [Server thread/INFO]: [Arrow] hi
[09:03:48] [Server thread/INFO]: [Arrow] hi
[09:03:48] [Server thread/INFO]: [Arrow] hi
[09:03:48] [Server thread/INFO]: [Arrow] hi
[09:03:48] [Server thread/INFO]: [Arrow] hi
[09:03:48] [Server thread/INFO]: [Arrow] hi
[09:03:48] [Server thread/INFO]: [Arrow] hi
[09:03:48] [Server thread/INFO]: [Arrow] hi
[09:03:49] [Server thread/INFO]: [Arrow] hi
[09:03:49] [Server thread/INFO]: [Arrow] hi
[09:03:49] [Server thread/INFO]: [Arrow] hi
[09:03:49] [Server thread/INFO]: [Arrow] hi
[09:03:49] [Server thread/INFO]: [Arrow] hi
[09:03:49] [Server thread/INFO]: [Arrow] hi
[09:03:49] [Server thread/INFO]: [Arrow] hi
[09:03:49] [Server thread/INFO]: [Arrow] hi
[09:03:49] [Server thread/INFO]: [Arrow] hi
[09:03:49] [Server thread/INFO]: [Arrow] hi
[09:03:49] [Server thread/INFO]: [Arrow] hi
[09:03:49] [Server thread/INFO]: [Arrow] hi
[09:03:49] [Server thread/INFO]: [Arrow] hi
[09:03:49] [Server thread/INFO]: [Arrow] hi
[09:03:49] [Server thread/INFO]: [Arrow] hi
[09:03:49] [Server thread/INFO]: [Arrow] hi
[09:03:49] [Server thread/INFO]: [Arrow] hi
[09:03:49] [Server thread/INFO]: [Arrow] hi
[09:03:49] [Server thread/INFO]: [Arrow] hi
[09:03:49] [Server thread/INFO]: [Arrow] hi
[09:03:50] [Server thread/INFO]: [Arrow] hi
[09:03:50] [Server thread/INFO]: [Arrow] hi
[09:03:50] [Server thread/INFO]: [Arrow] hi
[09:03:50] [Server thread/INFO]: [Arrow] hi
[09:03:50] [Server thread/INFO]: [Arrow] hi
[09:03:50] [Server thread/INFO]: [Arrow] hi
[09:03:50] [Server thread/INFO]: [Arrow] hi
[09:03:50] [Server thread/INFO]: [Arrow] hi
[09:03:50] [Server thread/INFO]: [Arrow] hi
[09:03:50] [Server thread/INFO]: [Arrow] hi
[09:03:50] [Server thread/INFO]: [Arrow] hi
[09:03:50] [Server thread/INFO]: [Arrow] hi
[09:03:50] [Server thread/INFO]: [Arrow] hi
[09:03:50] [Server thread/INFO]: [Arrow] hi
[09:03:50] [Server thread/INFO]: [Arrow] hi
[09:03:50] [Server thread/INFO]: [Arrow] hi
[09:03:50] [Server thread/INFO]: [Arrow] hi
[09:03:50] [Server thread/INFO]: [Arrow] hi
[09:03:50] [Server thread/INFO]: [Arrow] hi
[09:03:50] [Server thread/INFO]: [Arrow] hi
[09:03:51] [Server thread/INFO]: [Arrow] hi
[09:03:51] [Server thread/INFO]: [Arrow] hi
[09:03:51] [Server thread/INFO]: [Arrow] hi
[09:03:51] [Server thread/INFO]: [Arrow] hi
[09:03:51] [Server thread/INFO]: [Arrow] hi
[09:03:51] [Server thread/INFO]: [Arrow] hi
[09:03:51] [Server thread/INFO]: [Arrow] hi
[09:03:51] [Server thread/INFO]: [Arrow] hi
[09:03:51] [Server thread/INFO]: [Arrow] hi
[09:03:51] [Server thread/INFO]: [Arrow] hi
[09:03:51] [Server thread/INFO]: [Arrow] hi
[09:03:51] [Server thread/INFO]: [Arrow] hi
[09:03:51] [Server thread/INFO]: [Arrow] hi
[09:03:51] [Server thread/INFO]: [Arrow] hi
[09:03:51] [Server thread/INFO]: [Arrow] hi
[09:03:51] [Server thread/INFO]: [Arrow] hi
[09:03:51] [Server thread/INFO]: [Arrow] hi
[09:03:51] [Server thread/INFO]: [Arrow] hi
[09:03:51] [Server thread/INFO]: [Arrow] hi
[09:03:51] [Server thread/INFO]: [Arrow] hi
[09:03:52] [Server thread/INFO]: [Arrow] hi
[09:03:52] [Server thread/INFO]: [Arrow] hi
[09:03:52] [Server thread/INFO]: [Arrow] hi
[09:03:52] [Server thread/INFO]: [Arrow] hi
[09:03:52] [Server thread/INFO]: [Arrow] hi
[09:03:52] [Server thread/INFO]: [Arrow] hi
[09:03:52] [Server thread/INFO]: [Arrow] hi
[09:03:52] [Server thread/INFO]: [Arrow] hi
[09:03:52] [Server thread/INFO]: [Arrow] hi
[09:03:52] [Server thread/INFO]: [Arrow] hi
[09:03:52] [Server thread/INFO]: [Arrow] hi
[09:03:52] [Server thread/INFO]: [Arrow] hi
[09:03:52] [Server thread/INFO]: [Arrow] hi
[09:03:52] [Server thread/INFO]: [Arrow] hi
[09:03:52] [Server thread/INFO]: [Arrow] hi
[09:03:52] [Server thread/INFO]: [Arrow] hi
[09:03:52] [Server thread/INFO]: [Arrow] hi
[09:03:52] [Server thread/INFO]: [Arrow] hi
[09:03:52] [Server thread/INFO]: [Arrow] hi
[09:03:52] [Server thread/INFO]: [Arrow] hi
[09:03:53] [Server thread/INFO]: [Arrow] hi
[09:03:53] [Server thread/INFO]: [Arrow] hi
[09:03:53] [Server thread/INFO]: [Arrow] hi
[09:03:53] [Server thread/INFO]: [Arrow] hi
[09:03:53] [Server thread/INFO]: [Arrow] hi
[09:03:53] [Server thread/INFO]: [Arrow] hi
[09:03:53] [Server thread/INFO]: [Arrow] hi
[09:03:53] [Server thread/INFO]: [Arrow] hi
[09:03:53] [Server thread/INFO]: [Arrow] hi
[09:03:53] [Server thread/INFO]: [Arrow] hi
[09:03:53] [Server thread/INFO]: [Arrow] hi
[09:03:53] [Server thread/INFO]: [Arrow] hi
[09:03:53] [Server thread/INFO]: [Arrow] hi
[09:03:53] [Server thread/INFO]: [Arrow] hi
[09:03:53] [Server thread/INFO]: [Arrow] hi
[09:03:53] [Server thread/INFO]: [Arrow] hi
[09:03:53] [Server thread/INFO]: [Arrow] hi
[09:03:53] [Server thread/INFO]: [Arrow] hi
[09:03:53] [Server thread/INFO]: [Arrow] hi
[09:03:53] [Server thread/INFO]: [Arrow] hi
[09:03:54] [Server thread/INFO]: [Arrow] hi
[09:03:54] [Server thread/INFO]: [Arrow] hi
[09:03:54] [Server thread/INFO]: [Arrow] hi
[09:03:54] [Server thread/INFO]: [Arrow] hi
[09:03:54] [Server thread/INFO]: [Arrow] hi
[09:03:54] [Server thread/INFO]: [Arrow] hi
[09:03:54] [Server thread/INFO]: [Arrow] hi
[09:03:54] [Server thread/INFO]: [Arrow] hi
[09:03:54] [Server thread/INFO]: [Arrow] hi
[09:03:54] [Server thread/INFO]: [Arrow] hi
[09:03:54] [Server thread/INFO]: [Arrow] hi
[09:03:54] [Server thread/INFO]: [Arrow] hi
[09:03:54] [Server thread/INFO]: [Arrow] hi
[09:03:54] [Server thread/INFO]: [Arrow] hi
[09:03:54] [Server thread/INFO]: [Arrow] hi
[09:03:54] [Server thread/INFO]: [Arrow] hi
[09:03:54] [Server thread/INFO]: [Arrow] hi
[09:03:54] [Server thread/INFO]: [Arrow] hi
[09:03:54] [Server thread/INFO]: [Arrow] hi
[09:03:54] [Server thread/INFO]: [Arrow] hi
[09:03:55] [Server thread/INFO]: [Arrow] hi
[09:03:55] [Server thread/INFO]: [Arrow] hi
[09:03:55] [Server thread/INFO]: [Arrow] hi
[09:03:55] [Server thread/INFO]: [Arrow] hi
[09:03:55] [Server thread/INFO]: [Arrow] hi
[09:03:55] [Server thread/INFO]: [Arrow] hi
[09:03:55] [Server thread/INFO]: [Arrow] hi
[09:03:55] [Server thread/INFO]: [Arrow] hi
[09:03:55] [Server thread/INFO]: [Arrow] hi
[09:03:55] [Server thread/INFO]: [Arrow] hi
[09:03:55] [Server thread/INFO]: [Arrow] hi
[09:03:55] [Server thread/INFO]: [Arrow] hi
[09:03:55] [Server thread/INFO]: [Arrow] hi
[09:03:55] [Server thread/INFO]: [Arrow] hi
[09:03:55] [Server thread/INFO]: [Arrow] hi
[09:03:55] [Server thread/INFO]: [Arrow] hi
[09:03:55] [Server thread/INFO]: [Arrow] hi
[09:03:55] [Server thread/INFO]: [Arrow] hi
[09:03:55] [Server thread/INFO]: [Arrow] hi
[09:03:55] [Server thread/INFO]: [Arrow] hi
[09:03:56] [Server thread/INFO]: [Arrow] hi
[09:03:56] [Server thread/INFO]: [Arrow] hi
[09:03:56] [Server thread/INFO]: [Arrow] hi
[09:03:56] [Server thread/INFO]: [Arrow] hi
[09:03:56] [Server thread/INFO]: [Arrow] hi
[09:03:56] [Server thread/INFO]: [Arrow] hi
[09:03:56] [Server thread/INFO]: [Arrow] hi
[09:03:56] [Server thread/INFO]: [Arrow] hi
[09:03:56] [Server thread/INFO]: [Arrow] hi
[09:03:56] [Server thread/INFO]: [Arrow] hi
[09:03:56] [Server thread/INFO]: [Arrow] hi
[09:03:56] [Server thread/INFO]: [Arrow] hi
[09:03:56] [Server thread/INFO]: [Arrow] hi
[09:03:56] [Server thread/INFO]: [Arrow] hi
[09:03:56] [Server thread/INFO]: [Arrow] hi
[09:03:56] [Server thread/INFO]: [Arrow] hi
[09:03:56] [Server thread/INFO]: [Arrow] hi
[09:03:56] [Server thread/INFO]: [Arrow] hi
[09:03:56] [Server thread/INFO]: [Arrow] hi
[09:03:56] [Server thread/INFO]: [Arrow] hi
[09:03:57] [Server thread/INFO]: [Arrow] hi
[09:03:57] [Server thread/INFO]: [Arrow] hi
[09:03:57] [Server thread/INFO]: [Arrow] hi
[09:03:57] [Server thread/INFO]: [Arrow] hi
[09:03:57] [Server thread/INFO]: [Arrow] hi
[09:03:57] [Server thread/INFO]: [Arrow] hi
[09:03:57] [Server thread/INFO]: [Arrow] hi
[09:03:57] [Server thread/INFO]: [Arrow] hi
[09:03:57] [Server thread/INFO]: [Arrow] hi
[09:03:57] [Server thread/INFO]: [Arrow] hi
[09:03:57] [Server thread/INFO]: [Arrow] hi
[09:03:57] [Server thread/INFO]: [Arrow] hi
[09:03:57] [Server thread/INFO]: [Arrow] hi
[09:03:57] [Server thread/INFO]: [Arrow] hi
[09:03:57] [Server thread/INFO]: [Arrow] hi
[09:03:57] [Server thread/INFO]: [Arrow] hi
[09:03:57] [Server thread/INFO]: [Arrow] hi
[09:03:57] [Server thread/INFO]: [Arrow] hi
[09:03:57] [Server thread/INFO]: [Arrow] hi
[09:03:57] [Server thread/INFO]: [Arrow] hi
[09:03:58] [Server thread/INFO]: [Arrow] hi
[09:03:58] [Server thread/INFO]: [Arrow] hi
[09:03:58] [Server thread/INFO]: [Arrow] hi
[09:03:58] [Server thread/INFO]: [Arrow] hi
[09:03:58] [Server thread/INFO]: [Arrow] hi
[09:03:58] [Server thread/INFO]: [Arrow] hi
[09:03:58] [Server thread/INFO]: [Arrow] hi
[09:03:58] [Server thread/INFO]: [Arrow] hi
[09:03:58] [Server thread/INFO]: [Arrow] hi
[09:03:58] [Server thread/INFO]: [Arrow] hi
[09:03:58] [Server thread/INFO]: [Arrow] hi
[09:03:58] [Server thread/INFO]: [Arrow] hi
[09:03:58] [Server thread/INFO]: [Arrow] hi
[09:03:58] [Server thread/INFO]: [Arrow] hi
[09:03:58] [Server thread/INFO]: [Arrow] hi
[09:03:58] [Server thread/INFO]: [Arrow] hi
[09:03:58] [Server thread/INFO]: [Arrow] hi
[09:03:58] [Server thread/INFO]: [Arrow] hi
[09:03:58] [Server thread/INFO]: [Arrow] hi
[09:03:58] [Server thread/INFO]: [Arrow] hi
[09:03:59] [Server thread/INFO]: [Arrow] hi
[09:03:59] [Server thread/INFO]: [Arrow] hi
[09:03:59] [Server thread/INFO]: [Arrow] hi
[09:03:59] [Server thread/INFO]: [Arrow] hi
[09:03:59] [Server thread/INFO]: [Arrow] hi
[09:03:59] [Server thread/INFO]: [Arrow] hi
[09:03:59] [Server thread/INFO]: [Arrow] hi
[09:03:59] [Server thread/INFO]: [Arrow] hi
[09:03:59] [Server thread/INFO]: [Arrow] hi
[09:03:59] [Server thread/INFO]: [Arrow] hi
[09:03:59] [Server thread/INFO]: [Arrow] hi
[09:03:59] [Server thread/INFO]: [Arrow] hi
[09:03:59] [Server thread/INFO]: [Arrow] hi
[09:03:59] [Server thread/INFO]: [Arrow] hi
[09:03:59] [Server thread/INFO]: [Arrow] hi
[09:03:59] [Server thread/INFO]: [Arrow] hi
[09:03:59] [Server thread/INFO]: [Arrow] hi
[09:03:59] [Server thread/INFO]: [Arrow] hi
[09:03:59] [Server thread/INFO]: [Arrow] hi
[09:03:59] [Server thread/INFO]: [Arrow] hi
[09:04:00] [Server thread/INFO]: [Arrow] hi
[09:04:00] [Server thread/INFO]: [Arrow] hi
[09:04:00] [Server thread/INFO]: [Arrow] hi
[09:04:00] [Server thread/INFO]: [Arrow] hi
[09:04:00] [Server thread/INFO]: [Arrow] hi
[09:04:00] [Server thread/INFO]: [Arrow] hi
[09:04:00] [Server thread/INFO]: [Arrow] hi
[09:04:00] [Server thread/INFO]: [Arrow] hi
[09:04:00] [Server thread/INFO]: [Arrow] hi
[09:04:00] [Server thread/INFO]: [Arrow] hi
[09:04:00] [Server thread/INFO]: [Arrow] hi
[09:04:00] [Server thread/INFO]: [Arrow] hi
[09:04:00] [Server thread/INFO]: [Arrow] hi
[09:04:00] [Server thread/INFO]: [Arrow] hi
[09:04:00] [Server thread/INFO]: [Arrow] hi
[09:04:00] [Server thread/INFO]: [Arrow] hi
[09:04:00] [Server thread/INFO]: [Arrow] hi
[09:04:00] [Server thread/INFO]: [Arrow] hi
[09:04:00] [Server thread/INFO]: [Arrow] hi
[09:04:00] [Server thread/INFO]: [Arrow] hi
[09:04:01] [Server thread/INFO]: [Arrow] hi
[09:04:01] [Server thread/INFO]: [Arrow] hi
[09:04:01] [Server thread/INFO]: [Arrow] hi
[09:04:01] [Server thread/INFO]: [Arrow] hi
[09:04:01] [Server thread/INFO]: [Arrow] hi
[09:04:01] [Server thread/INFO]: [Arrow] hi
[09:04:01] [Server thread/INFO]: [Arrow] hi
[09:04:01] [Server thread/INFO]: [Arrow] hi
[09:04:01] [Server thread/INFO]: [Arrow] hi
[09:04:01] [Server thread/INFO]: [Arrow] hi
[09:04:01] [Server thread/INFO]: [Arrow] hi
[09:04:01] [Server thread/INFO]: [Arrow] hi
[09:04:01] [Server thread/INFO]: [Arrow] hi
[09:04:01] [Server thread/INFO]: [Arrow] hi
[09:04:01] [Server thread/INFO]: [Arrow] hi
[09:04:01] [Server thread/INFO]: [Arrow] hi
[09:04:01] [Server thread/INFO]: [Arrow] hi
[09:04:01] [Server thread/INFO]: [Arrow] hi
[09:04:01] [Server thread/INFO]: [Arrow] hi
[09:04:01] [Server thread/INFO]: [Arrow] hi
[09:04:02] [Server thread/INFO]: [Arrow] hi
[09:04:02] [Server thread/INFO]: [Arrow] hi
[09:04:02] [Server thread/INFO]: [Arrow] hi
[09:04:02] [Server thread/INFO]: [Arrow] hi
[09:04:02] [Server thread/INFO]: [Arrow] hi
[09:04:02] [Server thread/INFO]: [Arrow] hi
[09:04:02] [Server thread/INFO]: [Arrow] hi
[09:04:02] [Server thread/INFO]: [Arrow] hi
[09:04:02] [Server thread/INFO]: [Arrow] hi
[09:04:02] [Server thread/INFO]: [Arrow] hi
[09:04:02] [Server thread/INFO]: [Arrow] hi
[09:04:02] [Server thread/INFO]: [Arrow] hi
[09:04:02] [Server thread/INFO]: [Arrow] hi
[09:04:02] [Server thread/INFO]: [Arrow] hi
[09:04:02] [Server thread/INFO]: [Arrow] hi
[09:04:02] [Server thread/INFO]: [Arrow] hi
[09:04:02] [Server thread/INFO]: [Arrow] hi
[09:04:02] [Server thread/INFO]: [Arrow] hi
[09:04:02] [Server thread/INFO]: [Arrow] hi
[09:04:02] [Server thread/INFO]: [Arrow] hi
[09:04:03] [Server thread/INFO]: [Arrow] hi
[09:04:03] [Server thread/INFO]: [Arrow] hi
[09:04:03] [Server thread/INFO]: [Arrow] hi
[09:04:03] [Server thread/INFO]: [Arrow] hi
[09:04:03] [Server thread/INFO]: [Arrow] hi
[09:04:03] [Server thread/INFO]: [Arrow] hi
[09:04:03] [Server thread/INFO]: [Arrow] hi
[09:04:03] [Server thread/INFO]: [Arrow] hi
[09:04:03] [Server thread/INFO]: [Arrow] hi
[09:04:03] [Server thread/INFO]: [Arrow] hi
[09:04:03] [Server thread/INFO]: [Arrow] hi
[09:04:03] [Server thread/INFO]: [Arrow] hi
[09:04:03] [Server thread/INFO]: [Arrow] hi
[09:04:03] [Server thread/INFO]: [Arrow] hi
[09:04:03] [Server thread/INFO]: [Arrow] hi
[09:04:03] [Server thread/INFO]: [Arrow] hi
[09:04:03] [Server thread/INFO]: [Arrow] hi
[09:04:03] [Server thread/INFO]: [Arrow] hi
[09:04:03] [Server thread/INFO]: [Arrow] hi
[09:04:03] [Server thread/INFO]: [Arrow] hi
[09:04:04] [Server thread/INFO]: [Arrow] hi
[09:04:04] [Server thread/INFO]: [Arrow] hi
[09:04:04] [Server thread/INFO]: [Arrow] hi
[09:04:04] [Server thread/INFO]: [Arrow] hi
[09:04:04] [Server thread/INFO]: [Arrow] hi
[09:04:04] [Server thread/INFO]: [Arrow] hi
[09:04:04] [Server thread/INFO]: [Arrow] hi
[09:04:04] [Server thread/INFO]: [Arrow] hi
[09:04:04] [Server thread/INFO]: [Arrow] hi
[09:04:04] [Server thread/INFO]: [Arrow] hi
[09:04:04] [Server thread/INFO]: [Arrow] hi
[09:04:04] [Server thread/INFO]: [Arrow] hi
[09:04:04] [Server thread/INFO]: [Arrow] hi
[09:04:04] [Server thread/INFO]: [Arrow] hi
[09:04:04] [Server thread/INFO]: [Arrow] hi
[09:04:04] [Server thread/INFO]: [Arrow] hi
[09:04:04] [Server thread/INFO]: [Arrow] hi
[09:04:04] [Server thread/INFO]: [Arrow] hi
[09:04:04] [Server thread/INFO]: [Arrow] hi
[09:04:04] [Server thread/INFO]: [Arrow] hi
[09:04:05] [Server thread/INFO]: [Arrow] hi
[09:04:05] [Server thread/INFO]: [Arrow] hi
[09:04:05] [Server thread/INFO]: [Arrow] hi
[09:04:05] [Server thread/INFO]: [Arrow] hi
[09:04:05] [Server thread/INFO]: [Arrow] hi
[09:04:05] [Server thread/INFO]: [Arrow] hi
[09:04:05] [Server thread/INFO]: [Arrow] hi
[09:04:05] [Server thread/INFO]: [Arrow] hi
[09:04:05] [Server thread/INFO]: [Arrow] hi
[09:04:05] [Server thread/INFO]: [Arrow] hi
[09:04:05] [Server thread/INFO]: [Arrow] hi
[09:04:05] [Server thread/INFO]: [Arrow] hi
[09:04:05] [Server thread/INFO]: [Arrow] hi
[09:04:05] [Server thread/INFO]: [Arrow] hi
[09:04:05] [Server thread/INFO]: [Arrow] hi
[09:04:05] [Server thread/INFO]: [Arrow] hi
[09:04:05] [Server thread/INFO]: [Arrow] hi
[09:04:05] [Server thread/INFO]: [Arrow] hi
[09:04:05] [Server thread/INFO]: [Arrow] hi
[09:04:05] [Server thread/INFO]: [Arrow] hi
[09:04:06] [Server thread/INFO]: [Arrow] hi
[09:04:06] [Server thread/INFO]: [Arrow] hi
[09:04:06] [Server thread/INFO]: [Arrow] hi
[09:04:06] [Server thread/INFO]: [Arrow] hi
[09:04:06] [Server thread/INFO]: [Arrow] hi
[09:04:06] [Server thread/INFO]: [Arrow] hi
[09:04:06] [Server thread/INFO]: [Arrow] hi
[09:04:06] [Server thread/INFO]: [Arrow] hi
[09:04:06] [Server thread/INFO]: [Arrow] hi
[09:04:06] [Server thread/INFO]: [Arrow] hi
[09:04:06] [Server thread/INFO]: [Arrow] hi
[09:04:06] [Server thread/INFO]: [Arrow] hi
[09:04:06] [Server thread/INFO]: [Arrow] hi
[09:04:06] [Server thread/INFO]: [Arrow] hi
[09:04:06] [Server thread/INFO]: [Arrow] hi
[09:04:06] [Server thread/INFO]: [Arrow] hi
[09:04:06] [Server thread/INFO]: [Arrow] hi
[09:04:06] [Server thread/INFO]: [Arrow] hi
[09:04:06] [Server thread/INFO]: [Arrow] hi
[09:04:06] [Server thread/INFO]: [Arrow] hi
[09:04:07] [Server thread/INFO]: [Arrow] hi
[09:04:07] [Server thread/INFO]: [Arrow] hi
[09:04:07] [Server thread/INFO]: [Arrow] hi
[09:04:07] [Server thread/INFO]: [Arrow] hi
[09:04:07] [Server thread/INFO]: [Arrow] hi
[09:04:07] [Server thread/INFO]: [Arrow] hi
[09:04:07] [Server thread/INFO]: [Arrow] hi
[09:04:07] [Server thread/INFO]: [Arrow] hi
[09:04:07] [Server thread/INFO]: [Arrow] hi
[09:04:07] [Server thread/INFO]: [Arrow] hi
[09:04:07] [Server thread/INFO]: [Arrow] hi
[09:04:07] [Server thread/INFO]: [Arrow] hi
[09:04:07] [Server thread/INFO]: [Arrow] hi
[09:04:07] [Server thread/INFO]: [Arrow] hi
[09:04:07] [Server thread/INFO]: [Arrow] hi
[09:04:07] [Server thread/INFO]: [Arrow] hi
[09:04:07] [Server thread/INFO]: [Arrow] hi
[09:04:07] [Server thread/INFO]: [Arrow] hi
[09:04:07] [Server thread/INFO]: [Arrow] hi
[09:04:07] [Server thread/INFO]: [Arrow] hi
[09:04:08] [Server thread/INFO]: [Arrow] hi
[09:04:08] [Server thread/INFO]: [Arrow] hi
[09:04:08] [Server thread/INFO]: [Arrow] hi
[09:04:08] [Server thread/INFO]: [Arrow] hi
[09:04:08] [Server thread/INFO]: [Arrow] hi
[09:04:08] [Server thread/INFO]: [Arrow] hi
[09:04:08] [Server thread/INFO]: [Arrow] hi
[09:04:08] [Server thread/INFO]: [Arrow] hi
[09:04:08] [Server thread/INFO]: [Arrow] hi
[09:04:08] [Server thread/INFO]: [Arrow] hi
[09:04:08] [Server thread/INFO]: [Arrow] hi
[09:04:08] [Server thread/INFO]: [Arrow] hi
[09:04:08] [Server thread/INFO]: [Arrow] hi
[09:04:08] [Server thread/INFO]: [Arrow] hi
[09:04:08] [Server thread/INFO]: [Arrow] hi
[09:04:08] [Server thread/INFO]: [Arrow] hi
[09:04:08] [Server thread/INFO]: [Arrow] hi
[09:04:08] [Server thread/INFO]: [Arrow] hi
[09:04:08] [Server thread/INFO]: [Arrow] hi
[09:04:08] [Server thread/INFO]: [Arrow] hi
[09:04:09] [Server thread/INFO]: [Arrow] hi
[09:04:09] [Server thread/INFO]: [Arrow] hi
[09:04:09] [Server thread/INFO]: [Arrow] hi
[09:04:09] [Server thread/INFO]: [Arrow] hi
[09:04:09] [Server thread/INFO]: [Arrow] hi
[09:04:09] [Server thread/INFO]: [Arrow] hi
[09:04:09] [Server thread/INFO]: [Arrow] hi
[09:04:09] [Server thread/INFO]: [Arrow] hi
[09:04:09] [Server thread/INFO]: [Arrow] hi
[09:04:09] [Server thread/INFO]: [Arrow] hi
[09:04:09] [Server thread/INFO]: [Arrow] hi
[09:04:09] [Server thread/INFO]: [Arrow] hi
[09:04:09] [Server thread/INFO]: [Arrow] hi
[09:04:09] [Server thread/INFO]: [Arrow] hi
[09:04:09] [Server thread/INFO]: [Arrow] hi
[09:04:09] [Server thread/INFO]: [Arrow] hi
[09:04:09] [Server thread/INFO]: [Arrow] hi
[09:04:09] [Server thread/INFO]: [Arrow] hi
[09:04:09] [Server thread/INFO]: [Arrow] hi
[09:04:09] [Server thread/INFO]: [Arrow] hi
[09:04:10] [Server thread/INFO]: [Arrow] hi
[09:04:10] [Server thread/INFO]: [Arrow] hi
[09:04:10] [Server thread/INFO]: [Arrow] hi
[09:04:10] [Server thread/INFO]: [Arrow] hi
[09:04:10] [Server thread/INFO]: [Arrow] hi
[09:04:10] [Server thread/INFO]: [Arrow] hi
[09:04:10] [Server thread/INFO]: [Arrow] hi
[09:04:10] [Server thread/INFO]: [Arrow] hi
[09:04:10] [Server thread/INFO]: [Arrow] hi
[09:04:10] [Server thread/INFO]: [Arrow] hi
[09:04:10] [Server thread/INFO]: [Arrow] hi
[09:04:10] [Server thread/INFO]: [Arrow] hi
[09:04:10] [Server thread/INFO]: [Arrow] hi
[09:04:10] [Server thread/INFO]: [Arrow] hi
[09:04:10] [Server thread/INFO]: [Arrow] hi
[09:04:10] [Server thread/INFO]: [Arrow] hi
[09:04:10] [Server thread/INFO]: [Arrow] hi
[09:04:10] [Server thread/INFO]: [Arrow] hi
[09:04:10] [Server thread/INFO]: [Arrow] hi
[09:04:10] [Server thread/INFO]: [Arrow] hi
[09:04:11] [Server thread/INFO]: [Arrow] hi
[09:04:11] [Server thread/INFO]: [Arrow] hi
[09:04:11] [Server thread/INFO]: [Arrow] hi
[09:04:11] [Server thread/INFO]: [Arrow] hi
[09:04:11] [Server thread/INFO]: [Arrow] hi
[09:04:11] [Server thread/INFO]: [Arrow] hi
[09:04:11] [Server thread/INFO]: [Arrow] hi
[09:04:11] [Server thread/INFO]: [Arrow] hi
[09:04:11] [Server thread/INFO]: [Arrow] hi
[09:04:11] [Server thread/INFO]: [Arrow] hi
[09:04:11] [Server thread/INFO]: [Arrow] hi
[09:04:11] [Server thread/INFO]: [Arrow] hi
[09:04:11] [Server thread/INFO]: [Arrow] hi
[09:04:11] [Server thread/INFO]: [Arrow] hi
[09:04:11] [Server thread/INFO]: [Arrow] hi
[09:04:11] [Server thread/INFO]: [Arrow] hi
[09:04:11] [Server thread/INFO]: [Arrow] hi
[09:04:11] [Server thread/INFO]: [Arrow] hi
[09:04:11] [Server thread/INFO]: [Arrow] hi
[09:04:11] [Server thread/INFO]: [Arrow] hi
[09:04:12] [Server thread/INFO]: [Arrow] hi
[09:04:12] [Server thread/INFO]: [Arrow] hi
[09:04:12] [Server thread/INFO]: [Arrow] hi
[09:04:12] [Server thread/INFO]: [Arrow] hi
[09:04:12] [Server thread/INFO]: [Arrow] hi
[09:04:12] [Server thread/INFO]: [Arrow] hi
[09:04:12] [Server thread/INFO]: [Arrow] hi
[09:04:12] [Server thread/INFO]: [Arrow] hi
[09:04:12] [Server thread/INFO]: [Arrow] hi
[09:04:12] [Server thread/INFO]: [Arrow] hi
[09:04:12] [Server thread/INFO]: [Arrow] hi
[09:04:12] [Server thread/INFO]: [Arrow] hi
[09:04:12] [Server thread/INFO]: [Arrow] hi
[09:04:12] [Server thread/INFO]: [Arrow] hi
[09:04:12] [Server thread/INFO]: [Arrow] hi
[09:04:12] [Server thread/INFO]: [Arrow] hi
[09:04:12] [Server thread/INFO]: [Arrow] hi
[09:04:12] [Server thread/INFO]: [Arrow] hi
[09:04:12] [Server thread/INFO]: [Arrow] hi
[09:04:12] [Server thread/INFO]: [Arrow] hi
[09:04:13] [Server thread/INFO]: [Arrow] hi
[09:04:13] [Server thread/INFO]: [Arrow] hi
[09:04:13] [Server thread/INFO]: [Arrow] hi
[09:04:13] [Server thread/INFO]: [Arrow] hi
[09:04:13] [Server thread/INFO]: [Arrow] hi
[09:04:13] [Server thread/INFO]: [Arrow] hi
[09:04:13] [Server thread/INFO]: [Arrow] hi
[09:04:13] [Server thread/INFO]: [Arrow] hi
[09:04:13] [Server thread/INFO]: [Arrow] hi
[09:04:13] [Server thread/INFO]: [Arrow] hi
[09:04:13] [Server thread/INFO]: [Arrow] hi
[09:04:13] [Server thread/INFO]: [Arrow] hi
[09:04:13] [Server thread/INFO]: [Arrow] hi
[09:04:13] [Server thread/INFO]: [Arrow] hi
[09:04:13] [Server thread/INFO]: [Arrow] hi
[09:04:13] [Server thread/INFO]: [Arrow] hi
[09:04:13] [Server thread/INFO]: [Arrow] hi
[09:04:13] [Server thread/INFO]: [Arrow] hi
[09:04:13] [Server thread/INFO]: [Arrow] hi
[09:04:13] [Server thread/INFO]: [Arrow] hi
[09:04:14] [Server thread/INFO]: [Arrow] hi
[09:04:14] [Server thread/INFO]: [Arrow] hi
[09:04:14] [Server thread/INFO]: [Arrow] hi
[09:04:14] [Server thread/INFO]: [Arrow] hi
[09:04:14] [Server thread/INFO]: [Arrow] hi
[09:04:14] [Server thread/INFO]: [Arrow] hi
[09:04:14] [Server thread/INFO]: [Arrow] hi
[09:04:14] [Server thread/INFO]: [Arrow] hi
[09:04:14] [Server thread/INFO]: [Arrow] hi
[09:04:14] [Server thread/INFO]: [Arrow] hi
[09:04:14] [Server thread/INFO]: [Arrow] hi
[09:04:14] [Server thread/INFO]: [Arrow] hi
[09:04:14] [Server thread/INFO]: [Arrow] hi
[09:04:14] [Server thread/INFO]: [Arrow] hi
[09:04:14] [Server thread/INFO]: [Arrow] hi
[09:04:14] [Server thread/INFO]: [Arrow] hi
[09:04:14] [Server thread/INFO]: [Arrow] hi
[09:04:14] [Server thread/INFO]: [Arrow] hi
[09:04:14] [Server thread/INFO]: [Arrow] hi
[09:04:14] [Server thread/INFO]: [Arrow] hi
[09:04:15] [Server thread/INFO]: [Arrow] hi
[09:04:15] [Server thread/INFO]: [Arrow] hi
[09:04:15] [Server thread/INFO]: [Arrow] hi
[09:04:15] [Server thread/INFO]: [Arrow] hi
[09:04:15] [Server thread/INFO]: [Arrow] hi
[09:04:15] [Server thread/INFO]: [Arrow] hi
[09:04:15] [Server thread/INFO]: [Arrow] hi
[09:04:15] [Server thread/INFO]: [Arrow] hi
[09:04:15] [Server thread/INFO]: [Arrow] hi
[09:04:15] [Server thread/INFO]: [Arrow] hi
[09:04:15] [Server thread/INFO]: [Arrow] hi
[09:04:15] [Server thread/INFO]: [Arrow] hi
[09:04:15] [Server thread/INFO]: [Arrow] hi
[09:04:15] [Server thread/INFO]: [Arrow] hi
[09:04:15] [Server thread/INFO]: [Arrow] hi
[09:04:15] [Server thread/INFO]: [Arrow] hi
[09:04:15] [Server thread/INFO]: [Arrow] hi
[09:04:15] [Server thread/INFO]: [Arrow] hi
[09:04:15] [Server thread/INFO]: [Arrow] hi
[09:04:15] [Server thread/INFO]: [Arrow] hi
[09:04:16] [Server thread/INFO]: [Arrow] hi
[09:04:16] [Server thread/INFO]: [Arrow] hi
[09:04:16] [Server thread/INFO]: [Arrow] hi
[09:04:16] [Server thread/INFO]: [Arrow] hi
[09:04:16] [Server thread/INFO]: [Arrow] hi
[09:04:16] [Server thread/INFO]: [Arrow] hi
[09:04:16] [Server thread/INFO]: [Arrow] hi
[09:04:16] [Server thread/INFO]: [Arrow] hi
[09:04:16] [Server thread/INFO]: [Arrow] hi
[09:04:16] [Server thread/INFO]: [Arrow] hi
[09:04:16] [Server thread/INFO]: [Arrow] hi
[09:04:16] [Server thread/INFO]: [Arrow] hi
[09:04:16] [Server thread/INFO]: [Arrow] hi
[09:04:16] [Server thread/INFO]: [Arrow] hi
[09:04:16] [Server thread/INFO]: [Arrow] hi
[09:04:16] [Server thread/INFO]: [Arrow] hi
[09:04:16] [Server thread/INFO]: [Arrow] hi
[09:04:16] [Server thread/INFO]: [Arrow] hi
[09:04:16] [Server thread/INFO]: [Arrow] hi
[09:04:16] [Server thread/INFO]: [Arrow] hi
[09:04:17] [Server thread/INFO]: [Arrow] hi
[09:04:17] [Server thread/INFO]: [Arrow] hi
[09:04:17] [Server thread/INFO]: [Arrow] hi
[09:04:17] [Server thread/INFO]: [Arrow] hi
[09:04:17] [Server thread/INFO]: [Arrow] hi
[09:04:17] [Server thread/INFO]: [Arrow] hi
[09:04:17] [Server thread/INFO]: [Arrow] hi
[09:04:17] [Server thread/INFO]: [Arrow] hi
[09:04:17] [Server thread/INFO]: [Arrow] hi
[09:04:17] [Server thread/INFO]: [Arrow] hi
[09:04:17] [Server thread/INFO]: [Arrow] hi
[09:04:17] [Server thread/INFO]: [Arrow] hi
[09:04:17] [Server thread/INFO]: [Arrow] hi
[09:04:17] [Server thread/INFO]: [Arrow] hi
[09:04:17] [Server thread/INFO]: [Arrow] hi
[09:04:17] [Server thread/INFO]: [Arrow] hi
[09:04:17] [Server thread/INFO]: [Arrow] hi
[09:04:17] [Server thread/INFO]: [Arrow] hi
[09:04:17] [Server thread/INFO]: [Arrow] hi
[09:04:17] [Server thread/INFO]: [Arrow] hi
[09:04:18] [Server thread/INFO]: [Arrow] hi
[09:04:18] [Server thread/INFO]: [Arrow] hi
[09:04:18] [Server thread/INFO]: [Arrow] hi
[09:04:18] [Server thread/INFO]: [Arrow] hi
[09:04:18] [Server thread/INFO]: [Arrow] hi
[09:04:18] [Server thread/INFO]: [Arrow] hi
[09:04:18] [Server thread/INFO]: [Arrow] hi
[09:04:18] [Server thread/INFO]: [Arrow] hi
[09:04:18] [Server thread/INFO]: [Arrow] hi
[09:04:18] [Server thread/INFO]: [Arrow] hi
[09:04:18] [Server thread/INFO]: [Arrow] hi
[09:04:18] [Server thread/INFO]: [Arrow] hi
[09:04:18] [Server thread/INFO]: [Arrow] hi
[09:04:18] [Server thread/INFO]: [Arrow] hi
[09:04:18] [Server thread/INFO]: [Arrow] hi
[09:04:18] [Server thread/INFO]: [Arrow] hi
[09:04:18] [Server thread/INFO]: [Arrow] hi
[09:04:18] [Server thread/INFO]: [Arrow] hi
[09:04:18] [Server thread/INFO]: [Arrow] hi
[09:04:18] [Server thread/INFO]: [Arrow] hi
[09:04:19] [Server thread/INFO]: [Arrow] hi
[09:04:19] [Server thread/INFO]: [Arrow] hi
[09:04:19] [Server thread/INFO]: [Arrow] hi
[09:04:19] [Server thread/INFO]: [Arrow] hi
[09:04:19] [Server thread/INFO]: [Arrow] hi
[09:04:19] [Server thread/INFO]: [Arrow] hi
[09:04:19] [Server thread/INFO]: [Arrow] hi
[09:04:19] [Server thread/INFO]: [Arrow] hi
[09:04:19] [Server thread/INFO]: [Arrow] hi
[09:04:19] [Server thread/INFO]: [Arrow] hi
[09:04:19] [Server thread/INFO]: [Arrow] hi
[09:04:19] [Server thread/INFO]: [Arrow] hi
[09:04:19] [Server thread/INFO]: [Arrow] hi
[09:04:19] [Server thread/INFO]: [Arrow] hi
[09:04:19] [Server thread/INFO]: [Arrow] hi
[09:04:19] [Server thread/INFO]: [Arrow] hi
[09:04:19] [Server thread/INFO]: [Arrow] hi
[09:04:19] [Server thread/INFO]: [Arrow] hi
[09:04:19] [Server thread/INFO]: [Arrow] hi
[09:04:19] [Server thread/INFO]: [Arrow] hi
[09:04:20] [Server thread/INFO]: [Arrow] hi
[09:04:20] [Server thread/INFO]: [Arrow] hi
[09:04:20] [Server thread/INFO]: [Arrow] hi
[09:04:20] [Server thread/INFO]: [Arrow] hi
[09:04:20] [Server thread/INFO]: [Arrow] hi
[09:04:20] [Server thread/INFO]: [Arrow] hi
[09:04:20] [Server thread/INFO]: [Arrow] hi
[09:04:20] [Server thread/INFO]: [Arrow] hi
[09:04:20] [Server thread/INFO]: [Arrow] hi
[09:04:20] [Server thread/INFO]: [Arrow] hi
[09:04:20] [Server thread/INFO]: [Arrow] hi
[09:04:20] [Server thread/INFO]: [Arrow] hi
[09:04:20] [Server thread/INFO]: [Arrow] hi
[09:04:20] [Server thread/INFO]: [Arrow] hi
[09:04:20] [Server thread/INFO]: [Arrow] hi
[09:04:20] [Server thread/INFO]: [Arrow] hi
[09:04:20] [Server thread/INFO]: [Arrow] hi
[09:04:30] [Server thread/INFO]: ConsumingSludge issued server command: /summon minecraft:arrow ~ ~ ~ {Tags:["1"]}
[09:04:33] [Server thread/INFO]: ConsumingSludge issued server command: /summon minecraft:arrow ~ ~ ~ {Tags:["1"]}
[09:05:33] [Server thread/INFO]: ConsumingSludge issued server command: /summon minecraft:arrow ~ ~ ~ {Tags:["1"]}
[09:05:39] [Server thread/INFO]: ConsumingSludge issued server command: /summon minecraft:arrow ~ ~ ~ {Tags:["1"]}
[09:05:52] [Server thread/INFO]: ConsumingSludge issued server command: /summon minecraft:arrow ~ ~ ~ {Tags:["1"]}
[09:06:31] [Server thread/INFO]: ConsumingSludge issued server command: /summon minecraft:arrow ~ ~ ~ {Tags:["1"],NoGravity:1b}
[09:06:36] [Server thread/INFO]: ConsumingSludge issued server command: /summon minecraft:arrow ~ ~ ~ {Tags:["1"],NoGravity:1b}
[09:06:52] [Server thread/INFO]: ConsumingSludge issued server command: /summon minecraft:arrow ~ ~ ~ {Tags:["1"],NoGravity:1b}
[09:06:53] [Server thread/INFO]: ConsumingSludge issued server command: /summon minecraft:arrow ~ ~ ~ {Tags:["1"],NoGravity:1b}
[09:06:54] [Server thread/INFO]: ConsumingSludge issued server command: /summon minecraft:arrow ~ ~ ~ {Tags:["1"],NoGravity:1b}
[09:07:03] [Server thread/INFO]: ConsumingSludge issued server command: /summon minecraft:arrow ~ ~ ~ {Tags:["1"],NoGravity:1b}
[09:07:04] [Server thread/INFO]: ConsumingSludge issued server command: /summon minecraft:arrow ~ ~ ~ {Tags:["1"],NoGravity:1b}
[09:07:13] [Server thread/INFO]: ConsumingSludge issued server command: /summon minecraft:arrow ~ ~ ~ {Tags:["1"],NoGravity:1b}
[09:07:14] [Server thread/INFO]: ConsumingSludge issued server command: /summon minecraft:arrow ~ ~ ~ {Tags:["1"],NoGravity:1b}
[09:07:23] [Server thread/INFO]: ConsumingSludge issued server command: /summon minecraft:arrow ~ ~ ~ {Tags:["1"],NoGravity:1b}
[09:07:25] [Server thread/INFO]: ConsumingSludge issued server command: /summon minecraft:arrow ~ ~ ~ {Tags:["1"],NoGravity:1b}
[09:07:39] [Server thread/INFO]: ConsumingSludge issued server command: /summon minecraft:arrow ~ ~ ~ {Tags:["1"],NoGravity:1b}
[09:07:50] [Server thread/INFO]: ConsumingSludge issued server command: /summon minecraft:arrow ~ ~ ~ {Tags:["1"],NoGravity:1b}
[09:08:02] [Server thread/INFO]: ConsumingSludge issued server command: /summon minecraft:arrow ~ ~ ~ {Tags:["1"],NoGravity:1b}
[09:08:19] [Server thread/INFO]: ConsumingSludge issued server command: /kill @e[type=minecraft:arrow]
[09:08:39] [Server thread/INFO]: ConsumingSludge issued server command: /kill @e[type=minecraft:arrow]
[09:08:43] [Server thread/INFO]: ConsumingSludge issued server command: /summon minecraft:arrow ~ ~ ~ {Tags:["1"],NoGravity:1b}
[09:11:16] [Server thread/INFO]: ConsumingSludge issued server command: /summon minecraft:arrow ~ ~ ~ {Tags:["1"],NoGravity:1b,Colisions:0b}
[09:11:28] [Server thread/INFO]: ConsumingSludge issued server command: /summon minecraft:arrow ~ ~ ~ {Tags:["1"],NoGravity:1b,Colisions:0b}
[09:11:29] [Server thread/INFO]: ConsumingSludge issued server command: /summon minecraft:arrow ~ ~ ~ {Tags:["1"],NoGravity:1b,Colisions:0b}
[09:12:12] [Server thread/INFO]: ConsumingSludge issued server command: /summon minecraft:arrow ~ ~ ~ {Tags:["1"],NoGravity:1b,Colisions:0b}
[09:23:38] [Server thread/INFO]: ConsumingSludge issued server command: /summon minecraft:armor_stand ~ ~ ~ {Tags:["1"],NoGravity:1b,Colisions:0b}
[09:23:46] [Server thread/INFO]: ConsumingSludge issued server command: /summon minecraft:armor_stand ~ ~ ~ {Tags:["1"],NoGravity:1b}
[09:24:12] [Server thread/INFO]: ConsumingSludge issued server command: /kill @e[type=minecraft:armor_stand]
[09:25:19] [Server thread/INFO]: ConsumingSludge issued server command: /summon minecraft:rabbit ~ ~ ~ {Tags:["1"],NoGravity:1b}
[09:25:42] [Server thread/INFO]: ConsumingSludge issued server command: /summon minecraft:rabbit ~ ~ ~ {Tags:["1"],NoGravity:1b,NoAI:1b}
[09:25:44] [Server thread/INFO]: ConsumingSludge issued server command: /summon minecraft:rabbit ~ ~ ~ {Tags:["1"],NoGravity:1b,NoAI:1b}
[09:25:50] [Server thread/INFO]: ConsumingSludge issued server command: /summon minecraft:rabbit ~ ~ ~ {Tags:["1"],NoGravity:1b,NoAI:1b}
[09:26:09] [Server thread/INFO]: ConsumingSludge issued server command: /summon minecraft:rabbit ~ ~ ~ {Tags:["1"],NoGravity:1b}
[09:26:21] [Server thread/INFO]: ConsumingSludge issued server command: /kill @e[type=minecraft:rabbit]
[09:30:55] [Server thread/INFO]: ConsumingSludge issued server command: /summon minecraft:arrow ~ ~ ~ {Tags:["1"],NoGravity:1b}
[09:31:04] [Server thread/WARN]: Entity EntityTippedArrow['Arrow'/131, l='ServerLevel[serverGames]', x=0.06, y=54.61, z=10208.67] left loaded chunk area
[09:31:09] [Server thread/INFO]: ConsumingSludge issued server command: /summon minecraft:arrow ~ ~ ~ {Tags:["1"],NoGravity:1b}
[09:32:11] [Server thread/INFO]: ConsumingSludge issued server command: /kill @e[type=minecraft:arrow]
[09:32:21] [Server thread/INFO]: ConsumingSludge issued server command: /kill @e[type=minecraft:arrow]
[09:32:23] [Server thread/INFO]: ConsumingSludge issued server command: /summon minecraft:arrow ~ ~ ~ {Tags:["1"],NoGravity:1b}
[09:32:45] [Server thread/INFO]: ConsumingSludge issued server command: /summon minecraft:arrow ~ ~ ~ {Tags:["1"],NoGravity:1b}
[09:33:01] [Server thread/INFO]: ConsumingSludge issued server command: /summon minecraft:arrow ~ ~ ~ {Tags:["1"],NoGravity:1b}
[09:33:03] [Server thread/INFO]: ConsumingSludge issued server command: /summon minecraft:arrow ~ ~ ~ {Tags:["1"],NoGravity:1b}
[09:33:05] [Server thread/WARN]: Entity EntityTippedArrow['Arrow'/133, l='ServerLevel[serverGames]', x=-0.17, y=54.62, z=10224.38] left loaded chunk area
[09:33:06] [Server thread/WARN]: Entity EntityTippedArrow['Arrow'/134, l='ServerLevel[serverGames]', x=0.19, y=53.50, z=10224.02] left loaded chunk area
[09:33:06] [Server thread/INFO]: ConsumingSludge issued server command: /kill @e[type=minecraft:arrow]
[09:39:17] [Server thread/INFO]: ConsumingSludge issued server command: /kill @e[type=minecraft:arrow]
[09:39:19] [Server thread/INFO]: ConsumingSludge issued server command: /summon minecraft:arrow ~ ~ ~ {Tags:["1"],NoGravity:1b}
[09:39:28] [Server thread/WARN]: Entity EntityTippedArrow['Arrow'/137, l='ServerLevel[serverGames]', x=3.30, y=52.63, z=10224.66] left loaded chunk area
[09:39:32] [Server thread/INFO]: ConsumingSludge issued server command: /summon minecraft:arrow ~ ~ ~ {Tags:["1"],NoGravity:1b}
[09:39:35] [Server thread/INFO]: ConsumingSludge issued server command: /summon minecraft:arrow ~ ~ ~ {Tags:["1"],NoGravity:1b}
[09:39:40] [Server thread/WARN]: Entity EntityTippedArrow['Arrow'/138, l='ServerLevel[serverGames]', x=-1.90, y=51.00, z=10208.16] left loaded chunk area
[09:39:42] [Server thread/WARN]: Entity EntityTippedArrow['Arrow'/138, l='ServerLevel[serverGames]', x=-1.90, y=51.00, z=10224.16] left loaded chunk area
[09:39:45] [Server thread/WARN]: Entity EntityTippedArrow['Arrow'/139, l='ServerLevel[serverGames]', x=-0.05, y=51.00, z=10224.79] left loaded chunk area
[09:39:45] [Server thread/INFO]: ConsumingSludge issued server command: /summon minecraft:arrow ~ ~ ~ {Tags:["1"],NoGravity:1b}
[09:39:55] [Server thread/WARN]: Entity EntityTippedArrow['Arrow'/140, l='ServerLevel[serverGames]', x=0.43, y=52.38, z=10224.53] left loaded chunk area
[09:40:41] [Server thread/INFO]: ConsumingSludge issued server command: /summon minecraft:arrow ~ ~ ~ {Tags:["1"],NoGravity:1b}
[09:40:42] [Server thread/WARN]: Entity EntityTippedArrow['Arrow'/141, l='ServerLevel[serverGames]', x=0.66, y=51.82, z=10221.11] left loaded chunk area
[09:41:27] [Server thread/INFO]: ConsumingSludge issued server command: /summon minecraft:arrow ~ ~ ~ {Tags:["1"],NoGravity:1b}
[09:41:27] [Server thread/WARN]: Entity EntityTippedArrow['Arrow'/142, l='ServerLevel[serverGames]', x=0.74, y=51.67, z=10210.22] left loaded chunk area
[09:42:06] [Server thread/INFO]: ConsumingSludge issued server command: /summon minecraft:arrow ~ ~ ~ {Tags:["1"],NoGravity:1b}
[09:42:07] [Server thread/WARN]: Entity EntityTippedArrow['Arrow'/144, l='ServerLevel[serverGames]', x=0.51, y=52.00, z=10230.54] left loaded chunk area
[09:42:08] [Server thread/INFO]: ConsumingSludge issued server command: /summon minecraft:arrow ~ ~ ~ {Tags:["1"],NoGravity:1b}
[09:42:08] [Server thread/WARN]: Entity EntityTippedArrow['Arrow'/145, l='ServerLevel[serverGames]', x=0.51, y=52.00, z=10230.53] left loaded chunk area
[09:42:09] [Server thread/INFO]: ConsumingSludge issued server command: /summon minecraft:arrow ~ ~ ~ {Tags:["1"],NoGravity:1b}
[09:42:09] [Server thread/WARN]: Entity EntityTippedArrow['Arrow'/146, l='ServerLevel[serverGames]', x=0.51, y=52.00, z=10230.53] left loaded chunk area
[09:42:10] [Server thread/INFO]: ConsumingSludge issued server command: /summon minecraft:arrow ~ ~ ~ {Tags:["1"],NoGravity:1b}
[09:42:11] [Server thread/WARN]: Entity EntityTippedArrow['Arrow'/147, l='ServerLevel[serverGames]', x=0.51, y=52.00, z=10230.53] left loaded chunk area
[09:44:28] [Server thread/INFO]: ConsumingSludge issued server command: /summon minecraft:arrow ~ ~ ~ {Tags:["1"],NoGravity:1b}
[09:44:28] [Server thread/WARN]: Entity EntityTippedArrow['Arrow'/152, l='ServerLevel[serverGames]', x=0.34, y=52.01, z=10211.91] left loaded chunk area
[09:46:34] [Server thread/INFO]: ConsumingSludge issued server command: /tp -1000 51 0
[09:46:34] [Server thread/WARN]: Entity EntityPlayer['ConsumingSludge'/66, l='ServerLevel[serverGames]', x=-999.50, y=51.00, z=0.50](ConsumingSludge at -999.5,51.0,0.5) left loaded chunk area
[09:46:55] [Server thread/INFO]: ConsumingSludge issued server command: /tp 0 51 10000
[09:46:55] [Server thread/WARN]: ConsumingSludge moved too quickly! 1000.676543903363,-7.395685515590785,10001.480372117712
[09:50:46] [Server thread/INFO]: ConsumingSludge issued server command: /summon minecraft:arrow ~ ~ ~ {Tags:["WoolClearer"],NoGravity:1b}
[09:50:47] [Server thread/WARN]: Entity EntityTippedArrow['Arrow'/154, l='ServerLevel[serverGames]', x=0.66, y=51.51, z=10213.97] left loaded chunk area
[09:57:40] [Server thread/INFO]: ConsumingSludge issued server command: /scoreboard objectives add Xpos
[09:57:52] [Server thread/INFO]: ConsumingSludge issued server command: /scoreboard objectives add Xpos dummy
[09:57:57] [Server thread/INFO]: ConsumingSludge issued server command: /scoreboard objectives add Zpos dummy
[10:21:40] [Server thread/INFO]: ConsumingSludge lost connection: Disconnected
[10:21:40] [Server thread/INFO]: ConsumingSludge left the game
[10:21:50] [Server thread/INFO]: Stopping the server
[10:21:50] [Server thread/INFO]: Stopping server
[10:21:50] [Server thread/INFO]: [Denizen] Disabling Denizen v1.1.9-SNAPSHOT (build 1732-REL)
[10:21:50] [Server thread/INFO]: [Denizen]  v1.1.9-SNAPSHOT (build 1732-REL) disabled.
[10:21:50] [Server thread/INFO]: [Citizens] Disabling Citizens v2.0.27-SNAPSHOT (build 2279)
[10:21:50] [Server thread/INFO]: [ClearLag] Disabling ClearLag v3.2.2
[10:21:50] [Server thread/INFO]: [ClearLag] Clearlag is now disabled!
[10:21:50] [Server thread/INFO]: Saving players
[10:21:50] [Server thread/INFO]: Saving worlds
[10:21:50] [Server thread/INFO]: Saving chunks for level 'ServerLevel[serverGames]'/minecraft:overworld
[10:21:51] [Server thread/INFO]: ThreadedAnvilChunkStorage (serverGames): All chunks are saved
[10:21:51] [Server thread/INFO]: Saving chunks for level 'ServerLevel[serverGames_nether]'/minecraft:the_nether
[10:21:51] [Server thread/INFO]: ThreadedAnvilChunkStorage (DIM-1): All chunks are saved
[10:21:51] [Server thread/INFO]: Saving chunks for level 'ServerLevel[serverGames_the_end]'/minecraft:the_end
[10:21:51] [Server thread/INFO]: ThreadedAnvilChunkStorage (DIM1): All chunks are saved
[10:21:51] [Server thread/INFO]: ThreadedAnvilChunkStorage (serverGames): All chunks are saved
[10:21:51] [Server thread/INFO]: ThreadedAnvilChunkStorage (DIM-1): All chunks are saved
[10:21:51] [Server thread/INFO]: ThreadedAnvilChunkStorage (DIM1): All chunks are saved
