[18:21:56] [main/INFO]: Environment: authHost='https://authserver.mojang.com', accountsHost='https://api.mojang.com', sessionHost='https://sessionserver.mojang.com', servicesHost='https://api.minecraftservices.com', name='PROD'
[18:21:57] [main/WARN]: Ambiguity between arguments [teleport, destination] and [teleport, targets] with inputs: [Player, 0123, @e, dd12be42-52a9-4a91-a8a1-11c01849e498]
[18:21:57] [main/WARN]: Ambiguity between arguments [teleport, location] and [teleport, destination] with inputs: [0.1 -0.5 .9, 0 0 0]
[18:21:57] [main/WARN]: Ambiguity between arguments [teleport, location] and [teleport, targets] with inputs: [0.1 -0.5 .9, 0 0 0]
[18:21:57] [main/WARN]: Ambiguity between arguments [teleport, targets] and [teleport, destination] with inputs: [Player, 0123, dd12be42-52a9-4a91-a8a1-11c01849e498]
[18:21:57] [main/WARN]: Ambiguity between arguments [teleport, targets, location] and [teleport, targets, destination] with inputs: [0.1 -0.5 .9, 0 0 0]
[18:21:57] [main/INFO]: Reloading ResourceManager: Default
[18:21:59] [Worker-Main-4/INFO]: Loaded 7 recipes
[18:21:59] [Worker-Main-4/INFO]: Loaded 927 advancements
[18:22:02] [Server thread/INFO]: Starting minecraft server version 1.16.5
[18:22:02] [Server thread/INFO]: Loading properties
[18:22:02] [Server thread/INFO]: Default game type: SURVIVAL
[18:22:02] [Server thread/INFO]: Generating keypair
[18:22:02] [Server thread/INFO]: Starting Minecraft server on *:25565
[18:22:02] [Server thread/INFO]: Using default channel type
[18:22:04] [Server thread/INFO]: Preparing level "world"
[18:22:05] [Server thread/INFO]: Preparing start region for dimension minecraft:overworld
[18:22:07] [Server thread/INFO]: Preparing spawn area: 0%
[18:22:07] [Server thread/INFO]: Preparing spawn area: 0%
[18:22:07] [Server thread/INFO]: Preparing spawn area: 0%
[18:22:07] [Server thread/INFO]: Preparing spawn area: 0%
[18:22:07] [Server thread/INFO]: Preparing spawn area: 0%
[18:22:08] [Server thread/INFO]: Preparing spawn area: 0%
[18:22:08] [Server thread/INFO]: Preparing spawn area: 0%
[18:22:14] [Worker-Main-7/INFO]: Preparing spawn area: 83%
[18:22:14] [Worker-Main-5/INFO]: Preparing spawn area: 83%
[18:22:15] [Worker-Main-5/INFO]: Preparing spawn area: 83%
[18:22:15] [Worker-Main-5/INFO]: Preparing spawn area: 83%
[18:22:15] [Worker-Main-5/INFO]: Preparing spawn area: 83%
[18:22:15] [Worker-Main-5/INFO]: Preparing spawn area: 83%
[18:22:15] [Worker-Main-5/INFO]: Preparing spawn area: 83%
[18:22:15] [Worker-Main-7/INFO]: Preparing spawn area: 83%
[18:22:15] [Worker-Main-7/INFO]: Preparing spawn area: 83%
[18:22:15] [Worker-Main-7/INFO]: Preparing spawn area: 83%
[18:22:15] [Server thread/INFO]: Preparing spawn area: 83%
[18:22:15] [Worker-Main-6/INFO]: Preparing spawn area: 83%
[18:22:15] [Server thread/INFO]: Preparing spawn area: 83%
[18:22:15] [Server thread/INFO]: Preparing spawn area: 83%
[18:22:15] [Worker-Main-6/INFO]: Preparing spawn area: 99%
[18:22:16] [Worker-Main-5/INFO]: Preparing spawn area: 99%
[18:22:16] [Server thread/INFO]: Time elapsed: 11492 ms
[18:22:16] [Server thread/INFO]: Done (11.899s)! For help, type "help"
[21:37:13] [Server thread/WARN]: Can't keep up! Is the server overloaded? Running 8545367ms or 170907 ticks behind
[21:43:26] [Server thread/INFO]: Stopping the server
[21:43:26] [Server thread/INFO]: Stopping server
[21:43:26] [Server thread/INFO]: Saving players
[21:43:26] [Server thread/INFO]: Saving worlds
[21:43:26] [Server thread/INFO]: Saving chunks for level 'ServerLevel[world]'/minecraft:overworld
[21:43:26] [Server thread/INFO]: ThreadedAnvilChunkStorage (world): All chunks are saved
[21:43:26] [Server thread/INFO]: Saving chunks for level 'ServerLevel[world]'/minecraft:the_nether
[21:43:26] [Server thread/INFO]: ThreadedAnvilChunkStorage (DIM-1): All chunks are saved
[21:43:26] [Server thread/INFO]: Saving chunks for level 'ServerLevel[world]'/minecraft:the_end
[21:43:26] [Server thread/INFO]: ThreadedAnvilChunkStorage (DIM1): All chunks are saved
[21:43:26] [Server thread/INFO]: ThreadedAnvilChunkStorage (world): All chunks are saved
[21:43:26] [Server thread/INFO]: ThreadedAnvilChunkStorage (DIM-1): All chunks are saved
[21:43:26] [Server thread/INFO]: ThreadedAnvilChunkStorage (DIM1): All chunks are saved
